<?xml version="1.0" encoding="UTF-8"?>
<!-- Generated by org.testng.reporters.JUnitReportReporter -->
<testsuite skipped="0" hostname="DESKTOP-KI1C1PT" name="pagefactory.com.tests.PagefactoryTests_Count_Product" tests="2" failures="0" timestamp="2019-11-13T20:23:10 BDT" time="29.469" errors="0">
  <testcase name="Verify_CountProduct_After_login" time="14.078" classname="pagefactory.com.tests.PagefactoryTests_Count_Product"/>
  <testcase name="Verify_CountProduct_Before_login_and_Check_Existing_Of_CountProduct_After_Login" time="15.391" classname="pagefactory.com.tests.PagefactoryTests_Count_Product"/>
</testsuite> <!-- pagefactory.com.tests.PagefactoryTests_Count_Product -->
