<?xml version="1.0" encoding="UTF-8"?>
<!-- Generated by org.testng.reporters.JUnitReportReporter -->
<testsuite skipped="0" hostname="DESKTOP-KI1C1PT" name="pagefactory.com.tests.PagefactoryTests_OrderHistory_Transaction_Download" tests="3" failures="0" timestamp="2019-11-13T20:45:55 BDT" time="28.022" errors="0">
  <testcase name="Verify_Order_History_Page" time="9.477" classname="pagefactory.com.tests.PagefactoryTests_OrderHistory_Transaction_Download"/>
  <testcase name="Verify_Transaction_Page" time="9.216" classname="pagefactory.com.tests.PagefactoryTests_OrderHistory_Transaction_Download"/>
  <testcase name="Verify_Download_Page" time="9.329" classname="pagefactory.com.tests.PagefactoryTests_OrderHistory_Transaction_Download"/>
</testsuite> <!-- pagefactory.com.tests.PagefactoryTests_OrderHistory_Transaction_Download -->
