<?xml version="1.0" encoding="UTF-8"?>
<!-- Generated by org.testng.reporters.JUnitReportReporter -->
<testsuite skipped="0" hostname="DESKTOP-KI1C1PT" name="pagefactory.com.tests.PagefactoryTests_Search" tests="6" failures="0" timestamp="2019-11-13T20:50:01 BDT" time="74.823" errors="0">
  <testcase name="search_valid_value_without_login" time="1.779" classname="pagefactory.com.tests.PagefactoryTests_Search"/>
  <testcase name="search_blank_value_with_login" time="19.389" classname="pagefactory.com.tests.PagefactoryTests_Search"/>
  <testcase name="search_valid_value_with_login" time="10.508" classname="pagefactory.com.tests.PagefactoryTests_Search"/>
  <testcase name="search_blank_value_without_login" time="11.781" classname="pagefactory.com.tests.PagefactoryTests_Search"/>
  <testcase name="search_invalid_value_without_login" time="11.844" classname="pagefactory.com.tests.PagefactoryTests_Search"/>
  <testcase name="search_invalid_value_with_login" time="19.522" classname="pagefactory.com.tests.PagefactoryTests_Search"/>
</testsuite> <!-- pagefactory.com.tests.PagefactoryTests_Search -->
