<?xml version="1.0" encoding="UTF-8"?>
<!-- Generated by org.testng.reporters.JUnitReportReporter -->
<testsuite skipped="0" hostname="DESKTOP-D80I0UD" name="pagefactory.com.tests.PagefactoryTests_Login" tests="3" failures="0" timestamp="2019-11-22T15:03:18 BDT" time="14.989" errors="0">
  <testcase name="login_negative_blank_value" time="3.837" classname="pagefactory.com.tests.PagefactoryTests_Login"/>
  <testcase name="login_negative_all_invalid_value" time="3.726" classname="pagefactory.com.tests.PagefactoryTests_Login"/>
  <testcase name="login_positive_all_valid_value" time="7.426" classname="pagefactory.com.tests.PagefactoryTests_Login"/>
</testsuite> <!-- pagefactory.com.tests.PagefactoryTests_Login -->
