<?xml version="1.0" encoding="UTF-8"?>
<!-- Generated by org.testng.reporters.JUnitReportReporter -->
<testsuite skipped="0" hostname="DESKTOP-D80I0UD" name="pagefactory.com.tests.PagefactoryTests_AddCart_From_Wishlist" tests="2" failures="0" timestamp="2019-11-22T14:58:58 BDT" time="25.667" errors="0">
  <testcase name="Verify_AddToCartFromWishlist_Before_login" time="11.620" classname="pagefactory.com.tests.PagefactoryTests_AddCart_From_Wishlist"/>
  <testcase name="Verify_AddToCartFromWishlist_After_login" time="14.047" classname="pagefactory.com.tests.PagefactoryTests_AddCart_From_Wishlist"/>
</testsuite> <!-- pagefactory.com.tests.PagefactoryTests_AddCart_From_Wishlist -->
