<?xml version="1.0" encoding="UTF-8"?>
<!-- Generated by org.testng.reporters.JUnitReportReporter -->
<testsuite skipped="0" hostname="DESKTOP-KI1C1PT" name="pagefactory.com.tests.PagefactoryTests_Wishlist" tests="2" failures="0" timestamp="2019-11-13T20:50:56 BDT" time="25.571" errors="0">
  <testcase name="Verify_AddToWishlist_Before_login" time="11.917" classname="pagefactory.com.tests.PagefactoryTests_Wishlist"/>
  <testcase name="Verify_AddToWishlist_After_login" time="13.654" classname="pagefactory.com.tests.PagefactoryTests_Wishlist"/>
</testsuite> <!-- pagefactory.com.tests.PagefactoryTests_Wishlist -->
