<?xml version="1.0" encoding="UTF-8"?>
<!-- Generated by org.testng.reporters.JUnitReportReporter -->
<testsuite skipped="0" hostname="DESKTOP-KI1C1PT" name="pagefactory.com.tests.PagefactoryTests_Cartlist" tests="2" failures="0" timestamp="2019-11-13T20:19:57 BDT" time="25.111" errors="0">
  <testcase name="Verify_AddToCartlist_Before_login_and_Check_Existing_Of_Cartlist_After_Login" time="11.367" classname="pagefactory.com.tests.PagefactoryTests_Cartlist"/>
  <testcase name="Verify_AddToCartlist_After_login" time="13.744" classname="pagefactory.com.tests.PagefactoryTests_Cartlist"/>
</testsuite> <!-- pagefactory.com.tests.PagefactoryTests_Cartlist -->
